# Server version 0.08 running on 192.168.2.30:8123
# Game ID: 4
# Board class: Saboteur.SaboteurBoard
# Timeout: 20000
# First Move Timeout: 30000
# Date: Wed Apr 01 09:23:14 EDT 2020
# Player 1: Player-0, 'alex', running on 192.168.2.30
# Player 2: Player-1, 'RandomPlayer', running on 192.168.2.30
START Player-0 alex
START Player-1 RandomPlayer
BoardInit:Tile:7,Bonus,Tile:8,Tile:7,Tile:7,Tile:5,Malus,Tile:12,Tile:8,Tile:8,Tile:10,Tile:10,Tile:5,Tile:13,Tile:1,Tile:11,Tile:3,Tile:9,Tile:6,Bonus,Tile:9,Map,Tile:4,Tile:6,Map,Tile:6,Tile:5,Tile:2,Tile:15,Tile:9,Destroy,Bonus,Tile:7,Bonus,Tile:10,Tile:0,Tile:5,Tile:0,Map,Tile:6,Tile:9-Tile:0,Tile:8,Map,Tile:9,Destroy,Map,Tile:8-Malus,Tile:14,Tile:0,Map,Tile:6,Tile:7,Destroy-Tile:hidden1,Tile:nugget,Tile:hidden2
Tile:0 4 5 1
Map 12 7 0
Tile:9_flip 5 4 1
Malus 0 0 0
Map 12 3 1
Drop 4 0 0
Destroy 5 4 1
Drop 0 0 0
Map 12 7 1
Drop 6 0 0
Malus 0 0 1
Bonus 0 0 0
Drop 0 0 1
Drop 4 0 0
Drop 0 0 1
Drop 6 0 0
Drop 5 0 1
Drop 6 0 0
Drop 3 0 1
Drop 2 0 0
Drop 2 0 1
Drop 2 0 0
Drop 0 0 1
Map 12 3 0
Drop 2 0 1
Tile:6 6 5 0
Drop 3 0 1
Tile:8 7 5 0
Drop 4 0 1
Tile:6_flip 8 5 0
Map 12 3 1
Tile:6_flip 9 5 0
Drop 3 0 1
Tile:9_flip 10 5 0
Drop 4 0 1
Tile:10 10 6 0
Destroy 8 5 1
Tile:9_flip 10 4 0
Drop 6 0 1
Tile:0 9 4 0
Drop 6 0 1
Tile:2 8 5 0
Drop 0 0 1
Tile:6_flip 10 3 0
Drop 4 0 1
Tile:0 11 3 0
Drop 2 0 1
Tile:0 8 4 0
Drop 0 0 1
Drop 1 0 0
Drop 0 0 1
Drop 1 0 0
Drop 1 0 1
Drop 0 0 0
Drop 0 0 1
GAMEOVER DRAW
# Game ended: Wed Apr 01 09:23:14 EDT 2020
