# Server version 0.08 running on 192.168.2.30:8123
# Game ID: 3
# Board class: Saboteur.SaboteurBoard
# Timeout: 20000
# First Move Timeout: 30000
# Date: Wed Apr 01 09:22:10 EDT 2020
# Player 1: Player-0, 'RandomPlayer', running on 192.168.2.30
# Player 2: Player-1, 'alex', running on 192.168.2.30
START Player-0 RandomPlayer
START Player-1 alex
BoardInit:Tile:6,Tile:12,Tile:1,Tile:0,Tile:10,Bonus,Tile:10,Tile:7,Tile:0,Tile:9,Malus,Map,Tile:9,Map,Map,Tile:2,Map,Destroy,Tile:13,Tile:0,Tile:7,Map,Tile:7,Tile:6,Tile:5,Tile:4,Tile:8,Tile:5,Bonus,Tile:7,Tile:8,Tile:3,Tile:9,Tile:6,Tile:7,Map,Tile:6,Tile:11,Tile:15,Destroy,Malus-Bonus,Tile:9,Tile:14,Tile:10,Tile:5,Tile:8,Tile:9-Tile:6,Tile:8,Destroy,Tile:0,Tile:5,Tile:8,Bonus-Tile:hidden1,Tile:nugget,Tile:hidden2
Drop 2 0 1
Tile:8 5 6 0
Drop 3 0 1
Tile:5_flip 6 5 0
Drop 6 0 1
Tile:0 6 6 0
Drop 2 0 1
Tile:6 5 7 0
Drop 5 0 1
Drop 2 0 0
Drop 5 0 1
Tile:7 6 4 0
Malus 0 0 1
Destroy 5 6 0
Drop 6 0 1
Bonus 0 0 0
Map 12 5 1
Drop 5 0 0
Tile:0 7 6 1
Tile:9 5 6 0
Tile:9_flip 8 6 1
Drop 4 0 0
Tile:6_flip 8 5 1
Tile:12 6 7 0
Tile:7 9 5 1
Tile:8 4 7 0
Tile:7_flip 9 6 1
Destroy 9 5 0
Tile:8 9 5 1
Tile:0 3 7 0
Tile:9_flip 10 5 1
Tile:7_flip 4 5 0
Tile:13 10 4 1
Tile:6_flip 11 4 0
Tile:8 12 4 1
Tile:3 4 4 0
Tile:7_flip 11 5 1
Tile:5 3 4 0
Tile:9_flip 13 4 1
Tile:11_flip 13 3 0
Tile:5_flip 13 5 1
Destroy 6 7 0
Malus 0 0 1
Map 12 5 0
Tile:8 10 6 1
Drop 3 0 0
Tile:6_flip 11 6 1
Map 12 7 0
Tile:15 11 7 1
Map 12 7 0
Map 12 3 1
Drop 0 0 0
Drop 0 0 1
Drop 0 0 0
Drop 0 0 1
GAMEOVER DRAW
# Game ended: Wed Apr 01 09:22:10 EDT 2020
